<testsuites id="" name="" tests="8" failures="0" skipped="0" errors="0" time="7.171">
<testsuite name="cart.test.ts" timestamp="1689758671664" hostname="" tests="8" failures="0" skipped="0" time="6.658" errors="0">
<testcase name="Add to cart" classname="cart.test.ts:8:1 › Add to cart" time="0.855">
</testcase>
<testcase name="Update a product" classname="cart.test.ts:30:4 › Update a product" time="0.837">
</testcase>
<testcase name="Delete a product" classname="cart.test.ts:52:4 › Delete a product" time="1.007">
</testcase>
<testcase name="Get a single product" classname="cart.test.ts:70:4 › Get a single product" time="0.583">
<system-out>
<![CDATA[{
  id: 7,
  userId: 8,
  date: '2020-03-01T00:00:00.000Z',
  products: [ { productId: 18, quantity: 1 } ],
  __v: 0
}
[ 'id', 'userId', 'date', 'products', '__v' ]
]]>
</system-out>
</testcase>
<testcase name="Get all produtcs" classname="cart.test.ts:97:2 › Get all produtcs" time="0.577">
</testcase>
<testcase name="Limit results" classname="cart.test.ts:108:2 › Limit results" time="1.028">
<system-out>
<![CDATA[[
  {
    id: 1,
    userId: 1,
    date: '2020-03-02T00:00:00.000Z',
    products: [ [Object], [Object], [Object] ],
    __v: 0
  },
  {
    id: 2,
    userId: 1,
    date: '2020-01-02T00:00:00.000Z',
    products: [ [Object], [Object], [Object] ],
    __v: 0
  },
  {
    id: 3,
    userId: 2,
    date: '2020-03-01T00:00:00.000Z',
    products: [ [Object], [Object] ],
    __v: 0
  },
  {
    id: 4,
    userId: 3,
    date: '2020-01-01T00:00:00.000Z',
    products: [ [Object] ],
    __v: 0
  },
  {
    id: 5,
    userId: 3,
    date: '2020-03-01T00:00:00.000Z',
    products: [ [Object], [Object] ],
    __v: 0
  }
]
]]>
</system-out>
</testcase>
<testcase name="Get sort results" classname="cart.test.ts:127:4 › Get sort results" time="0.76">
<system-out>
<![CDATA[[
  {
    id: 7,
    userId: 8,
    date: '2020-03-01T00:00:00.000Z',
    products: [ [Object] ],
    __v: 0
  },
  {
    id: 6,
    userId: 4,
    date: '2020-03-01T00:00:00.000Z',
    products: [ [Object], [Object] ],
    __v: 0
  },
  {
    id: 5,
    userId: 3,
    date: '2020-03-01T00:00:00.000Z',
    products: [ [Object], [Object] ],
    __v: 0
  },
  {
    id: 4,
    userId: 3,
    date: '2020-01-01T00:00:00.000Z',
    products: [ [Object] ],
    __v: 0
  },
  {
    id: 3,
    userId: 2,
    date: '2020-03-01T00:00:00.000Z',
    products: [ [Object], [Object] ],
    __v: 0
  },
  {
    id: 2,
    userId: 1,
    date: '2020-01-02T00:00:00.000Z',
    products: [ [Object], [Object], [Object] ],
    __v: 0
  },
  {
    id: 1,
    userId: 1,
    date: '2020-03-02T00:00:00.000Z',
    products: [ [Object], [Object], [Object] ],
    __v: 0
  }
]
]]>
</system-out>
</testcase>
<testcase name="Get in date range" classname="cart.test.ts:153:4 › Get in date range" time="1.011">
<system-out>
<![CDATA[[
  {
    id: 1,
    userId: 1,
    date: '2020-03-02T00:00:00.000Z',
    products: [ [Object], [Object], [Object] ],
    __v: 0
  },
  {
    id: 2,
    userId: 1,
    date: '2020-01-02T00:00:00.000Z',
    products: [ [Object], [Object], [Object] ],
    __v: 0
  },
  {
    id: 3,
    userId: 2,
    date: '2020-03-01T00:00:00.000Z',
    products: [ [Object], [Object] ],
    __v: 0
  },
  {
    id: 4,
    userId: 3,
    date: '2020-01-01T00:00:00.000Z',
    products: [ [Object] ],
    __v: 0
  },
  {
    id: 5,
    userId: 3,
    date: '2020-03-01T00:00:00.000Z',
    products: [ [Object], [Object] ],
    __v: 0
  },
  {
    id: 6,
    userId: 4,
    date: '2020-03-01T00:00:00.000Z',
    products: [ [Object], [Object] ],
    __v: 0
  },
  {
    id: 7,
    userId: 8,
    date: '2020-03-01T00:00:00.000Z',
    products: [ [Object] ],
    __v: 0
  }
]
]]>
</system-out>
</testcase>
</testsuite>
</testsuites>